<?xml version="1.0" encoding="UTF-8"?>
<testng-results ignored="0" total="1" passed="1" failed="0" skipped="0">
  <reporter-output>
  </reporter-output>
  <suite started-at="2024-04-29T17:45:36 IST" name="Surefire suite" finished-at="2024-04-29T17:45:46 IST" duration-ms="10289">
    <groups>
    </groups>
    <test started-at="2024-04-29T17:45:36 IST" name="Surefire test" finished-at="2024-04-29T17:45:46 IST" duration-ms="10289">
      <class name="NewRestAssuredProject.Batch1RestAssured.AppTest">
        <test-method signature="shouldAnswerWithTrue()" started-at="2024-04-29T17:45:36 IST" name="shouldAnswerWithTrue" finished-at="2024-04-29T17:45:36 IST" duration-ms="7" status="PASS">
          <reporter-output>
          </reporter-output>
        </test-method> <!-- shouldAnswerWithTrue -->
      </class> <!-- NewRestAssuredProject.Batch1RestAssured.AppTest -->
    </test> <!-- Surefire test -->
  </suite> <!-- Surefire suite -->
</testng-results>
